<?xml version="1.0" encoding="UTF-8"?>
<testsuite xmlns:xsi="http://www.w3.org/2001/XMLSchema-instance" xsi:noNamespaceSchemaLocation="https://maven.apache.org/surefire/maven-surefire-plugin/xsd/surefire-test-report-3.0.xsd" version="3.0" name="functions.MultiplicativeFunctionsTest" time="0.219" tests="49" errors="0" skipped="0" failures="0">
  <properties>
[...]
</properties>
  <testcase name="testPsiPrimePower" classname="functions.MultiplicativeFunctionsTest" time="0.004"/>
  <testcase name="testMuSquareFree" classname="functions.MultiplicativeFunctionsTest" time="0.003"/>
  <testcase name="testLiouvilleOne" classname="functions.MultiplicativeFunctionsTest" time="0.003"/>
  <testcase name="testPhiSigmaConsistency" classname="functions.MultiplicativeFunctionsTest" time="0.002"/>
  <testcase name="testTauPerfectSquare" classname="functions.MultiplicativeFunctionsTest" time="0.002"/>
  <testcase name="testOne" classname="functions.MultiplicativeFunctionsTest" time="0.002"/>
  <testcase name="testRad" classname="functions.MultiplicativeFunctionsTest" time="0.002"/>
  <testcase name="testJordanTotientOne" classname="functions.MultiplicativeFunctionsTest" time="0.002"/>
  <testcase name="testJordanTotientPrime" classname="functions.MultiplicativeFunctionsTest" time="0.003"/>
  <testcase name="testMuOne" classname="functions.MultiplicativeFunctionsTest" time="0.025"/>
  <testcase name="testIsPerfectPrime" classname="functions.MultiplicativeFunctionsTest" time="0.005"/>
  <testcase name="testSigmaPerfect" classname="functions.MultiplicativeFunctionsTest" time="0.002"/>
  <testcase name="testJordanTotientKOne" classname="functions.MultiplicativeFunctionsTest" time="0.002"/>
  <testcase name="testJordanTotientKTwo" classname="functions.MultiplicativeFunctionsTest" time="0.002"/>
  <testcase name="testOneAnyInput" classname="functions.MultiplicativeFunctionsTest" time="0.004"/>
  <testcase name="testIsDeficient" classname="functions.MultiplicativeFunctionsTest" time="0.003"/>
  <testcase name="testPhiLarge" classname="functions.MultiplicativeFunctionsTest" time="0.002"/>
  <testcase name="testPhiPrime" classname="functions.MultiplicativeFunctionsTest" time="0.002"/>
  <testcase name="testPsiComposite" classname="functions.MultiplicativeFunctionsTest" time="0.001"/>
  <testcase name="testSquareFreeOne" classname="functions.MultiplicativeFunctionsTest" time="0.001"/>
  <testcase name="testIsPerfect" classname="functions.MultiplicativeFunctionsTest" time="0.003"/>
  <testcase name="testUnitFunctionWithOne" classname="functions.MultiplicativeFunctionsTest" time="0.001"/>
  <testcase name="testRadPrimePower" classname="functions.MultiplicativeFunctionsTest" time="0.002"/>
  <testcase name="testTauComposite" classname="functions.MultiplicativeFunctionsTest" time="0.002"/>
  <testcase name="testSquareFreeFalse" classname="functions.MultiplicativeFunctionsTest" time="0.002"/>
  <testcase name="testSquareFreePrime" classname="functions.MultiplicativeFunctionsTest" time="0.002"/>
  <testcase name="testLiouvilleComposite" classname="functions.MultiplicativeFunctionsTest" time="0.003"/>
  <testcase name="testIsAbundant" classname="functions.MultiplicativeFunctionsTest" time="0.004"/>
  <testcase name="testTauPrime" classname="functions.MultiplicativeFunctionsTest" time="0.002"/>
  <testcase name="testLiouvilleSquareFreeOddOmega" classname="functions.MultiplicativeFunctionsTest" time="0.001"/>
  <testcase name="testSigmaPrimeSquare" classname="functions.MultiplicativeFunctionsTest" time="0.002"/>
  <testcase name="testPsiPrime" classname="functions.MultiplicativeFunctionsTest" time="0.001"/>
  <testcase name="testMuSquareFreeOddCount" classname="functions.MultiplicativeFunctionsTest" time="0.002"/>
  <testcase name="testIdentity" classname="functions.MultiplicativeFunctionsTest" time="0.002"/>
  <testcase name="testUnitFunctionGreaterThanOne" classname="functions.MultiplicativeFunctionsTest" time="0.002"/>
  <testcase name="testRadPrime" classname="functions.MultiplicativeFunctionsTest" time="0.002"/>
  <testcase name="testIdentityOne" classname="functions.MultiplicativeFunctionsTest" time="0.001"/>
  <testcase name="testSigmaComposite" classname="functions.MultiplicativeFunctionsTest" time="0.002"/>
  <testcase name="testSigmaOne" classname="functions.MultiplicativeFunctionsTest" time="0.003"/>
  <testcase name="testMuHasSquare" classname="functions.MultiplicativeFunctionsTest" time="0.002"/>
  <testcase name="testSquareFreeTrue" classname="functions.MultiplicativeFunctionsTest" time="0.001"/>
  <testcase name="testSigmaPrime" classname="functions.MultiplicativeFunctionsTest" time="0.002"/>
  <testcase name="testPhiOne" classname="functions.MultiplicativeFunctionsTest" time="0.002"/>
  <testcase name="testPhiPrimeSquare" classname="functions.MultiplicativeFunctionsTest" time="0.003"/>
  <testcase name="testPsiOne" classname="functions.MultiplicativeFunctionsTest" time="0.002"/>
  <testcase name="testLiouvilleSquareFreeEvenOmega" classname="functions.MultiplicativeFunctionsTest" time="0.001"/>
  <testcase name="testRadOne" classname="functions.MultiplicativeFunctionsTest" time="0.002"/>
  <testcase name="testTauOne" classname="functions.MultiplicativeFunctionsTest" time="0.001"/>
  <testcase name="testPhiComposite" classname="functions.MultiplicativeFunctionsTest" time="0.001"/>
</testsuite>