<?xml version="1.0" encoding="UTF-8"?>
<testsuite xmlns:xsi="http://www.w3.org/2001/XMLSchema-instance" xsi:noNamespaceSchemaLocation="https://maven.apache.org/surefire/maven-surefire-plugin/xsd/surefire-test-report-3.0.xsd" version="3.0" name="functions.AddativeFunctionsTest" time="0.038" tests="17" errors="0" skipped="0" failures="0">
  <properties>
[...]
</properties>
  <testcase name="testSumDistinctPrimeDivisorsOne" classname="functions.AddativeFunctionsTest" time="0.001"/>
  <testcase name="testUpperOmegaOne" classname="functions.AddativeFunctionsTest" time="0.001"/>
  <testcase name="testSumPrimesTwoThousand" classname="functions.AddativeFunctionsTest" time="0.002"/>
  <testcase name="testSumDistinctPrimeDivisorsPrime" classname="functions.AddativeFunctionsTest" time="0.001"/>
  <testcase name="testUpperOmegaComposite" classname="functions.AddativeFunctionsTest" time="0.001"/>
  <testcase name="testSumPrimesOne" classname="functions.AddativeFunctionsTest" time="0.001"/>
  <testcase name="testLowerOmegaUpperOmegaConsistency" classname="functions.AddativeFunctionsTest" time="0.001"/>
  <testcase name="testSumDistinctPrimeDivisors" classname="functions.AddativeFunctionsTest" time="0.001"/>
  <testcase name="testUpperOmegaLarge" classname="functions.AddativeFunctionsTest" time="0.001"/>
  <testcase name="testUpperOmegaPrime" classname="functions.AddativeFunctionsTest" time="0.002"/>
  <testcase name="testLowerOmegaComposite" classname="functions.AddativeFunctionsTest" time="0.001"/>
  <testcase name="testLowerOmegaOne" classname="functions.AddativeFunctionsTest" time="0.001"/>
  <testcase name="testSumDistinctPrimeDivisorsTwoThousand" classname="functions.AddativeFunctionsTest" time="0.001"/>
  <testcase name="testSumPrimes" classname="functions.AddativeFunctionsTest" time="0.001"/>
  <testcase name="testUpperOmegaSquare" classname="functions.AddativeFunctionsTest" time="0.001"/>
  <testcase name="testLowerOmegaPrime" classname="functions.AddativeFunctionsTest" time="0.001"/>
  <testcase name="testSumPrimesPrime" classname="functions.AddativeFunctionsTest" time="0.001"/>
</testsuite>